Base path: C:/Program Files/Unity/Editor/Data
Pipe name: \\.\pipe\UnityShaderCompiler-64bit-2-3708
Cmd: getPlatforms
Cmd: compileSnippet
  api=1 type=0 insize=4651 outsize=926 kw=DIRECTIONAL SHADOWS_OFF LIGHTMAP_OFF DIRLIGHTMAP_OFF DYNAMICLIGHTMAP_OFF ok=1
Cmd: compileSnippet
  api=1 type=0 insize=4651 outsize=1087 kw=DIRECTIONAL SHADOWS_SCREEN LIGHTMAP_OFF DIRLIGHTMAP_OFF DYNAMICLIGHTMAP_OFF ok=1
Cmd: compileSnippet
  api=4 type=0 insize=4651 outsize=4215 kw=DIRECTIONAL SHADOWS_SCREEN LIGHTMAP_OFF DIRLIGHTMAP_OFF DYNAMICLIGHTMAP_OFF ok=1
Cmd: compileSnippet
  api=0 type=0 insize=4651 outsize=4599 kw=DIRECTIONAL SHADOWS_OFF LIGHTMAP_OFF DIRLIGHTMAP_OFF DYNAMICLIGHTMAP_OFF VERTEXLIGHT_ON ok=1
Cmd: compileSnippet
  api=1 type=0 insize=4651 outsize=1087 kw=DIRECTIONAL SHADOWS_SCREEN LIGHTMAP_OFF DIRLIGHTMAP_OFF DYNAMICLIGHTMAP_OFF VERTEXLIGHT_ON ok=1
Cmd: compileSnippet
  api=4 type=0 insize=4651 outsize=4215 kw=DIRECTIONAL SHADOWS_SCREEN LIGHTMAP_OFF DIRLIGHTMAP_OFF DYNAMICLIGHTMAP_OFF VERTEXLIGHT_ON ok=1
Cmd: compileSnippet
  api=1 type=1 insize=4651 outsize=1818 kw=DIRECTIONAL SHADOWS_OFF LIGHTMAP_OFF DIRLIGHTMAP_OFF DYNAMICLIGHTMAP_OFF ok=1
Cmd: compileSnippet
  api=4 type=1 insize=4651 outsize=4483 kw=DIRECTIONAL SHADOWS_SCREEN LIGHTMAP_OFF DIRLIGHTMAP_OFF DYNAMICLIGHTMAP_OFF ok=1
Cmd: compileSnippet
  api=1 type=0 insize=3578 outsize=810 kw=POINT ok=1
Cmd: compileSnippet
  api=0 type=0 insize=3578 outsize=3734 kw=DIRECTIONAL ok=1
Cmd: compileSnippet
  api=0 type=0 insize=3578 outsize=4344 kw=SPOT ok=1
Cmd: compileSnippet
  api=1 type=0 insize=3578 outsize=810 kw=POINT_COOKIE ok=1
Cmd: compileSnippet
  api=4 type=0 insize=3578 outsize=3719 kw=POINT_COOKIE ok=1
Cmd: compileSnippet
  api=1 type=0 insize=3578 outsize=771 kw=DIRECTIONAL_COOKIE ok=1
Cmd: compileSnippet
  api=4 type=0 insize=3578 outsize=3654 kw=DIRECTIONAL_COOKIE ok=1
Cmd: compileSnippet
  api=1 type=1 insize=3578 outsize=1855 kw=POINT ok=1
Cmd: compileSnippet
  api=0 type=1 insize=3578 outsize=6 kw=SPOT ok=1
Cmd: compileSnippet
  api=4 type=1 insize=3578 outsize=4930 kw=SPOT ok=1
Cmd: compileSnippet
  api=0 type=1 insize=3578 outsize=6 kw=POINT_COOKIE ok=1
Cmd: compileSnippet
  api=1 type=1 insize=3578 outsize=1890 kw=POINT_COOKIE ok=1
Cmd: compileSnippet
  api=1 type=1 insize=3578 outsize=1827 kw=DIRECTIONAL_COOKIE ok=1
